[debug] [2024-06-20T23:14:00.197Z] ----------------------------------------------------------------------
[debug] [2024-06-20T23:14:00.207Z] Command:       C:\Program Files\nodejs\node.exe C:\Users\Owner\AppData\Roaming\npm\node_modules\firebase-tools\lib\bin\firebase.js emulators:start
[debug] [2024-06-20T23:14:00.209Z] CLI Version:   13.11.3
[debug] [2024-06-20T23:14:00.210Z] Platform:      win32
[debug] [2024-06-20T23:14:00.210Z] Node Version:  v20.14.0
[debug] [2024-06-20T23:14:00.211Z] Time:          Thu Jun 20 2024 16:14:00 GMT-0700 (Pacific Daylight Time)
[debug] [2024-06-20T23:14:00.212Z] ----------------------------------------------------------------------
[debug] 
[debug] [2024-06-20T23:14:00.223Z] >>> [apiv2][query] GET https://firebase-public.firebaseio.com/cli.json [none]
[debug] [2024-06-20T23:14:00.742Z] > command requires scopes: ["email","openid","https://www.googleapis.com/auth/cloudplatformprojects.readonly","https://www.googleapis.com/auth/firebase","https://www.googleapis.com/auth/cloud-platform"]
[debug] Failed to authenticate, have you run firebase login?
[warn] !  emulators: You are not currently authenticated so some features may not work correctly. Please run firebase login to authenticate the CLI. 
[info] i  emulators: Starting emulators: functions {"metadata":{"emulator":{"name":"hub"},"message":"Starting emulators: functions"}}
[debug] [2024-06-20T23:14:00.983Z] [logging] Logging Emulator only supports listening on one address (127.0.0.1). Not listening on ::1
[debug] [2024-06-20T23:14:00.985Z] assigned listening specs for emulators {"user":{"hub":[{"address":"127.0.0.1","family":"IPv4","port":4400},{"address":"::1","family":"IPv6","port":4400}],"ui":[{"address":"127.0.0.1","family":"IPv4","port":4000},{"address":"::1","family":"IPv6","port":4000}],"logging":[{"address":"127.0.0.1","family":"IPv4","port":4500}]},"metadata":{"message":"assigned listening specs for emulators"}}
[debug] [2024-06-20T23:14:01.022Z] [hub] writing locator at C:\Users\Owner\AppData\Local\Temp\hub-clone-90197.json
[debug] [2024-06-20T23:14:01.089Z] [functions] Functions Emulator only supports listening on one address (127.0.0.1). Not listening on ::1
[debug] [2024-06-20T23:14:01.089Z] [eventarc] Eventarc Emulator only supports listening on one address (127.0.0.1). Not listening on ::1
[debug] [2024-06-20T23:14:01.090Z] late-assigned ports for functions and eventarc emulators {"user":{"hub":[{"address":"127.0.0.1","family":"IPv4","port":4400},{"address":"::1","family":"IPv6","port":4400}],"ui":[{"address":"127.0.0.1","family":"IPv4","port":4000},{"address":"::1","family":"IPv6","port":4000}],"logging":[{"address":"127.0.0.1","family":"IPv4","port":4500}],"functions":[{"address":"127.0.0.1","family":"IPv4","port":5001}],"eventarc":[{"address":"127.0.0.1","family":"IPv4","port":9299}]},"metadata":{"message":"late-assigned ports for functions and eventarc emulators"}}
[warn] !  functions: The following emulators are not running, calls to these services from the Functions emulator will affect production: auth, firestore, database, hosting, pubsub, storage, dataconnect {"metadata":{"emulator":{"name":"functions"},"message":"The following emulators are not running, calls to these services from the Functions emulator will affect production: \u001b[1mauth, firestore, database, hosting, pubsub, storage, dataconnect\u001b[22m"}}
[warn] !  functions: You are not signed in to the Firebase CLI. If you have authorized this machine using gcloud application-default credentials those may be discovered and used to access production services. {"metadata":{"emulator":{"name":"functions"},"message":"You are not signed in to the Firebase CLI. If you have authorized this machine using gcloud application-default credentials those may be discovered and used to access production services."}}
[debug] [2024-06-20T23:14:01.109Z] > refreshing access token with scopes: []
[debug] [2024-06-20T23:14:01.120Z] >>> [apiv2][query] POST https://www.googleapis.com/oauth2/v3/token [none]
[debug] [2024-06-20T23:14:01.121Z] >>> [apiv2][body] POST https://www.googleapis.com/oauth2/v3/token [omitted]
[debug] [2024-06-20T23:14:02.051Z] <<< [apiv2][status] GET https://firebase-public.firebaseio.com/cli.json 200
[debug] [2024-06-20T23:14:02.052Z] <<< [apiv2][body] GET https://firebase-public.firebaseio.com/cli.json {"cloudBuildErrorAfter":1594252800000,"cloudBuildWarnAfter":1590019200000,"defaultNode10After":1594252800000,"minVersion":"3.0.5","node8DeploysDisabledAfter":1613390400000,"node8RuntimeDisabledAfter":1615809600000,"node8WarnAfter":1600128000000}
[debug] [2024-06-20T23:14:02.172Z] <<< [apiv2][status] POST https://www.googleapis.com/oauth2/v3/token 400
[debug] [2024-06-20T23:14:02.172Z] <<< [apiv2][body] POST https://www.googleapis.com/oauth2/v3/token [omitted]
[debug] [2024-06-20T23:14:02.174Z] >>> [apiv2][query] GET https://firebase.googleapis.com/v1beta1/projects/clone-90197/adminSdkConfig [none]
[debug] [2024-06-20T23:14:03.573Z] <<< [apiv2][status] GET https://firebase.googleapis.com/v1beta1/projects/clone-90197/adminSdkConfig 401
[debug] [2024-06-20T23:14:03.574Z] <<< [apiv2][body] GET https://firebase.googleapis.com/v1beta1/projects/clone-90197/adminSdkConfig {"error":{"code":401,"message":"Request is missing required authentication credential. Expected OAuth 2 access token, login cookie or other valid authentication credential. See https://developers.google.com/identity/sign-in/web/devconsole-project.","status":"UNAUTHENTICATED","details":[{"@type":"type.googleapis.com/google.rpc.ErrorInfo","reason":"CREDENTIALS_MISSING","domain":"googleapis.com","metadata":{"method":"google.firebase.service.v1beta1.FirebaseProjectService.GetAdminSdkConfig","service":"firebase.googleapis.com"}}]}}
[debug] [2024-06-20T23:14:03.576Z] Failed to get Admin SDK config for clone-90197, falling back to cache Failed to get Admin SDK for Firebase project clone-90197. Please make sure the project exists and your account has permission to access it. {"name":"FirebaseError","children":[],"exit":2,"message":"Failed to get Admin SDK for Firebase project clone-90197. Please make sure the project exists and your account has permission to access it.","original":{"name":"FirebaseError","children":[],"context":{"body":{"error":{"code":401,"message":"Request is missing required authentication credential. Expected OAuth 2 access token, login cookie or other valid authentication credential. See https://developers.google.com/identity/sign-in/web/devconsole-project.","status":"UNAUTHENTICATED","details":[{"@type":"type.googleapis.com/google.rpc.ErrorInfo","reason":"CREDENTIALS_MISSING","domain":"googleapis.com","metadata":{"method":"google.firebase.service.v1beta1.FirebaseProjectService.GetAdminSdkConfig","service":"firebase.googleapis.com"}}]}},"response":{"statusCode":401}},"exit":1,"message":"HTTP Error: 401, Request is missing required authentication credential. Expected OAuth 2 access token, login cookie or other valid authentication credential. See https://developers.google.com/identity/sign-in/web/devconsole-project.","status":401},"status":500}
[warn] !  functions: Unable to fetch project Admin SDK configuration, Admin SDK behavior in Cloud Functions emulator may be incorrect. {"metadata":{"emulator":{"name":"functions"},"message":"Unable to fetch project Admin SDK configuration, Admin SDK behavior in Cloud Functions emulator may be incorrect."}}
[info] i  ui: downloading ui-v1.12.1.zip... {"metadata":{"emulator":{"name":"ui"},"message":"downloading ui-v1.12.1.zip..."}}
[debug] [2024-06-20T23:14:03.813Z] >>> [apiv2][query] GET https://storage.googleapis.com/firebase-preview-drop/emulator/ui-v1.12.1.zip 
[debug] [2024-06-20T23:14:04.220Z] <<< [apiv2][status] GET https://storage.googleapis.com/firebase-preview-drop/emulator/ui-v1.12.1.zip 200
[debug] [2024-06-20T23:14:04.220Z] <<< [apiv2][body] GET https://storage.googleapis.com/firebase-preview-drop/emulator/ui-v1.12.1.zip [stream]
[debug] [2024-06-20T23:14:09.836Z] Data is 3498269
[debug] [2024-06-20T23:14:09.839Z] [unzip] Entry: client/ (compressed_size=0 bytes, uncompressed_size=0 bytes)
[debug] [2024-06-20T23:14:09.841Z] [unzip] Processing entry: client\
[debug] [2024-06-20T23:14:09.844Z] [unzip] mkdir: C:\Users\Owner\.cache\firebase\emulators\ui-v1.12.1\client\
[debug] [2024-06-20T23:14:09.847Z] [unzip] Entry: client/favicon.ico (compressed_size=2933 bytes, uncompressed_size=13294 bytes)
[debug] [2024-06-20T23:14:09.848Z] [unzip] Processing entry: client\favicon.ico
[debug] [2024-06-20T23:14:09.848Z] [unzip] else mkdir: C:\Users\Owner\.cache\firebase\emulators\ui-v1.12.1\client
[debug] [2024-06-20T23:14:09.851Z] [unzip] deflating: C:\Users\Owner\.cache\firebase\emulators\ui-v1.12.1\client\favicon.ico
[debug] [2024-06-20T23:14:09.880Z] [unzip] Entry: client/mstile-150x150.png (compressed_size=2034 bytes, uncompressed_size=2034 bytes)
[debug] [2024-06-20T23:14:09.881Z] [unzip] Processing entry: client\mstile-150x150.png
[debug] [2024-06-20T23:14:09.881Z] [unzip] else mkdir: C:\Users\Owner\.cache\firebase\emulators\ui-v1.12.1\client
[debug] [2024-06-20T23:14:09.883Z] [unzip] Writing file: C:\Users\Owner\.cache\firebase\emulators\ui-v1.12.1\client\mstile-150x150.png
[debug] [2024-06-20T23:14:09.890Z] [unzip] Entry: client/favicon-16x16.png (compressed_size=293 bytes, uncompressed_size=293 bytes)
[debug] [2024-06-20T23:14:09.890Z] [unzip] Processing entry: client\favicon-16x16.png
[debug] [2024-06-20T23:14:09.891Z] [unzip] else mkdir: C:\Users\Owner\.cache\firebase\emulators\ui-v1.12.1\client
[debug] [2024-06-20T23:14:09.892Z] [unzip] Writing file: C:\Users\Owner\.cache\firebase\emulators\ui-v1.12.1\client\favicon-16x16.png
[debug] [2024-06-20T23:14:09.895Z] [unzip] Entry: client/favicon-32x32.png (compressed_size=475 bytes, uncompressed_size=475 bytes)
[debug] [2024-06-20T23:14:09.896Z] [unzip] Processing entry: client\favicon-32x32.png
[debug] [2024-06-20T23:14:09.896Z] [unzip] else mkdir: C:\Users\Owner\.cache\firebase\emulators\ui-v1.12.1\client
[debug] [2024-06-20T23:14:09.897Z] [unzip] Writing file: C:\Users\Owner\.cache\firebase\emulators\ui-v1.12.1\client\favicon-32x32.png
[debug] [2024-06-20T23:14:09.901Z] [unzip] Entry: client/manifest.json (compressed_size=245 bytes, uncompressed_size=551 bytes)
[debug] [2024-06-20T23:14:09.902Z] [unzip] Processing entry: client\manifest.json
[debug] [2024-06-20T23:14:09.902Z] [unzip] else mkdir: C:\Users\Owner\.cache\firebase\emulators\ui-v1.12.1\client
[debug] [2024-06-20T23:14:09.903Z] [unzip] deflating: C:\Users\Owner\.cache\firebase\emulators\ui-v1.12.1\client\manifest.json
[debug] [2024-06-20T23:14:09.909Z] [unzip] Entry: client/index.html (compressed_size=1365 bytes, uncompressed_size=3071 bytes)
[debug] [2024-06-20T23:14:09.909Z] [unzip] Processing entry: client\index.html
[debug] [2024-06-20T23:14:09.910Z] [unzip] else mkdir: C:\Users\Owner\.cache\firebase\emulators\ui-v1.12.1\client
[debug] [2024-06-20T23:14:09.912Z] [unzip] deflating: C:\Users\Owner\.cache\firebase\emulators\ui-v1.12.1\client\index.html
[debug] [2024-06-20T23:14:09.918Z] [unzip] Entry: client/robots.txt (compressed_size=26 bytes, uncompressed_size=26 bytes)
[debug] [2024-06-20T23:14:09.918Z] [unzip] Processing entry: client\robots.txt
[debug] [2024-06-20T23:14:09.918Z] [unzip] else mkdir: C:\Users\Owner\.cache\firebase\emulators\ui-v1.12.1\client
[debug] [2024-06-20T23:14:09.922Z] [unzip] Writing file: C:\Users\Owner\.cache\firebase\emulators\ui-v1.12.1\client\robots.txt
[debug] [2024-06-20T23:14:09.925Z] [unzip] Entry: client/android-chrome-512x512.png (compressed_size=5369 bytes, uncompressed_size=5411 bytes)
[debug] [2024-06-20T23:14:09.925Z] [unzip] Processing entry: client\android-chrome-512x512.png
[debug] [2024-06-20T23:14:09.926Z] [unzip] else mkdir: C:\Users\Owner\.cache\firebase\emulators\ui-v1.12.1\client
[debug] [2024-06-20T23:14:09.926Z] [unzip] deflating: C:\Users\Owner\.cache\firebase\emulators\ui-v1.12.1\client\android-chrome-512x512.png
[debug] [2024-06-20T23:14:09.931Z] [unzip] Entry: client/assets/ (compressed_size=0 bytes, uncompressed_size=0 bytes)
[debug] [2024-06-20T23:14:09.932Z] [unzip] Processing entry: client\assets\
[debug] [2024-06-20T23:14:09.932Z] [unzip] mkdir: C:\Users\Owner\.cache\firebase\emulators\ui-v1.12.1\client\assets\
[debug] [2024-06-20T23:14:09.934Z] [unzip] Entry: client/assets/img/ (compressed_size=0 bytes, uncompressed_size=0 bytes)
[debug] [2024-06-20T23:14:09.934Z] [unzip] Processing entry: client\assets\img\
[debug] [2024-06-20T23:14:09.934Z] [unzip] mkdir: C:\Users\Owner\.cache\firebase\emulators\ui-v1.12.1\client\assets\img\
[debug] [2024-06-20T23:14:09.936Z] [unzip] Entry: client/assets/img/database.png (compressed_size=29449 bytes, uncompressed_size=29988 bytes)
[debug] [2024-06-20T23:14:09.936Z] [unzip] Processing entry: client\assets\img\database.png
[debug] [2024-06-20T23:14:09.936Z] [unzip] else mkdir: C:\Users\Owner\.cache\firebase\emulators\ui-v1.12.1\client\assets\img
[debug] [2024-06-20T23:14:09.938Z] [unzip] deflating: C:\Users\Owner\.cache\firebase\emulators\ui-v1.12.1\client\assets\img\database.png
[debug] [2024-06-20T23:14:09.943Z] [unzip] Entry: client/assets/provider-icons/ (compressed_size=0 bytes, uncompressed_size=0 bytes)
[debug] [2024-06-20T23:14:09.943Z] [unzip] Processing entry: client\assets\provider-icons\
[debug] [2024-06-20T23:14:09.943Z] [unzip] mkdir: C:\Users\Owner\.cache\firebase\emulators\ui-v1.12.1\client\assets\provider-icons\
[debug] [2024-06-20T23:14:09.945Z] [unzip] Entry: client/assets/provider-icons/auth_service_play_games.svg (compressed_size=565 bytes, uncompressed_size=1173 bytes)
[debug] [2024-06-20T23:14:09.946Z] [unzip] Processing entry: client\assets\provider-icons\auth_service_play_games.svg
[debug] [2024-06-20T23:14:09.946Z] [unzip] else mkdir: C:\Users\Owner\.cache\firebase\emulators\ui-v1.12.1\client\assets\provider-icons
[debug] [2024-06-20T23:14:09.947Z] [unzip] deflating: C:\Users\Owner\.cache\firebase\emulators\ui-v1.12.1\client\assets\provider-icons\auth_service_play_games.svg
[debug] [2024-06-20T23:14:09.952Z] [unzip] Entry: client/assets/provider-icons/auth_service_game_center.svg (compressed_size=991 bytes, uncompressed_size=3921 bytes)
[debug] [2024-06-20T23:14:09.953Z] [unzip] Processing entry: client\assets\provider-icons\auth_service_game_center.svg
[debug] [2024-06-20T23:14:09.953Z] [unzip] else mkdir: C:\Users\Owner\.cache\firebase\emulators\ui-v1.12.1\client\assets\provider-icons
[debug] [2024-06-20T23:14:09.957Z] [unzip] deflating: C:\Users\Owner\.cache\firebase\emulators\ui-v1.12.1\client\assets\provider-icons\auth_service_game_center.svg
[debug] [2024-06-20T23:14:09.963Z] [unzip] Entry: client/assets/provider-icons/auth_service_google.svg (compressed_size=409 bytes, uncompressed_size=720 bytes)
[debug] [2024-06-20T23:14:09.963Z] [unzip] Processing entry: client\assets\provider-icons\auth_service_google.svg
[debug] [2024-06-20T23:14:09.963Z] [unzip] else mkdir: C:\Users\Owner\.cache\firebase\emulators\ui-v1.12.1\client\assets\provider-icons
[debug] [2024-06-20T23:14:09.964Z] [unzip] deflating: C:\Users\Owner\.cache\firebase\emulators\ui-v1.12.1\client\assets\provider-icons\auth_service_google.svg
[debug] [2024-06-20T23:14:09.972Z] [unzip] Entry: client/assets/provider-icons/auth_service_yahoo.svg (compressed_size=577 bytes, uncompressed_size=1182 bytes)
[debug] [2024-06-20T23:14:09.973Z] [unzip] Processing entry: client\assets\provider-icons\auth_service_yahoo.svg
[debug] [2024-06-20T23:14:09.973Z] [unzip] else mkdir: C:\Users\Owner\.cache\firebase\emulators\ui-v1.12.1\client\assets\provider-icons
[debug] [2024-06-20T23:14:09.974Z] [unzip] deflating: C:\Users\Owner\.cache\firebase\emulators\ui-v1.12.1\client\assets\provider-icons\auth_service_yahoo.svg
[debug] [2024-06-20T23:14:09.979Z] [unzip] Entry: client/assets/provider-icons/auth_service_email.svg (compressed_size=228 bytes, uncompressed_size=326 bytes)
[debug] [2024-06-20T23:14:09.979Z] [unzip] Processing entry: client\assets\provider-icons\auth_service_email.svg
[debug] [2024-06-20T23:14:09.979Z] [unzip] else mkdir: C:\Users\Owner\.cache\firebase\emulators\ui-v1.12.1\client\assets\provider-icons
[debug] [2024-06-20T23:14:09.981Z] [unzip] deflating: C:\Users\Owner\.cache\firebase\emulators\ui-v1.12.1\client\assets\provider-icons\auth_service_email.svg
[debug] [2024-06-20T23:14:09.990Z] [unzip] Entry: client/assets/provider-icons/auth_service_saml.svg (compressed_size=575 bytes, uncompressed_size=1226 bytes)
[debug] [2024-06-20T23:14:09.998Z] [unzip] Processing entry: client\assets\provider-icons\auth_service_saml.svg
[debug] [2024-06-20T23:14:10.003Z] [unzip] else mkdir: C:\Users\Owner\.cache\firebase\emulators\ui-v1.12.1\client\assets\provider-icons
[debug] [2024-06-20T23:14:10.004Z] [unzip] deflating: C:\Users\Owner\.cache\firebase\emulators\ui-v1.12.1\client\assets\provider-icons\auth_service_saml.svg
[debug] [2024-06-20T23:14:10.009Z] [unzip] Entry: client/assets/provider-icons/auth_service_oidc.svg (compressed_size=414 bytes, uncompressed_size=858 bytes)
[debug] [2024-06-20T23:14:10.010Z] [unzip] Processing entry: client\assets\provider-icons\auth_service_oidc.svg
[debug] [2024-06-20T23:14:10.010Z] [unzip] else mkdir: C:\Users\Owner\.cache\firebase\emulators\ui-v1.12.1\client\assets\provider-icons
[debug] [2024-06-20T23:14:10.011Z] [unzip] deflating: C:\Users\Owner\.cache\firebase\emulators\ui-v1.12.1\client\assets\provider-icons\auth_service_oidc.svg
[debug] [2024-06-20T23:14:10.017Z] [unzip] Entry: client/assets/provider-icons/auth_service_facebook.svg (compressed_size=289 bytes, uncompressed_size=457 bytes)
[debug] [2024-06-20T23:14:10.017Z] [unzip] Processing entry: client\assets\provider-icons\auth_service_facebook.svg
[debug] [2024-06-20T23:14:10.018Z] [unzip] else mkdir: C:\Users\Owner\.cache\firebase\emulators\ui-v1.12.1\client\assets\provider-icons
[debug] [2024-06-20T23:14:10.019Z] [unzip] deflating: C:\Users\Owner\.cache\firebase\emulators\ui-v1.12.1\client\assets\provider-icons\auth_service_facebook.svg
[debug] [2024-06-20T23:14:10.023Z] [unzip] Entry: client/assets/provider-icons/auth_service_github.svg (compressed_size=466 bytes, uncompressed_size=838 bytes)
[debug] [2024-06-20T23:14:10.024Z] [unzip] Processing entry: client\assets\provider-icons\auth_service_github.svg
[debug] [2024-06-20T23:14:10.024Z] [unzip] else mkdir: C:\Users\Owner\.cache\firebase\emulators\ui-v1.12.1\client\assets\provider-icons
[debug] [2024-06-20T23:14:10.025Z] [unzip] deflating: C:\Users\Owner\.cache\firebase\emulators\ui-v1.12.1\client\assets\provider-icons\auth_service_github.svg
[debug] [2024-06-20T23:14:10.030Z] [unzip] Entry: client/assets/provider-icons/auth_service_phone.svg (compressed_size=261 bytes, uncompressed_size=414 bytes)
[debug] [2024-06-20T23:14:10.030Z] [unzip] Processing entry: client\assets\provider-icons\auth_service_phone.svg
[debug] [2024-06-20T23:14:10.030Z] [unzip] else mkdir: C:\Users\Owner\.cache\firebase\emulators\ui-v1.12.1\client\assets\provider-icons
[debug] [2024-06-20T23:14:10.032Z] [unzip] deflating: C:\Users\Owner\.cache\firebase\emulators\ui-v1.12.1\client\assets\provider-icons\auth_service_phone.svg
[debug] [2024-06-20T23:14:10.037Z] [unzip] Entry: client/assets/provider-icons/auth_service_apple.svg (compressed_size=230 bytes, uncompressed_size=334 bytes)
[debug] [2024-06-20T23:14:10.037Z] [unzip] Processing entry: client\assets\provider-icons\auth_service_apple.svg
[debug] [2024-06-20T23:14:10.037Z] [unzip] else mkdir: C:\Users\Owner\.cache\firebase\emulators\ui-v1.12.1\client\assets\provider-icons
[debug] [2024-06-20T23:14:10.038Z] [unzip] deflating: C:\Users\Owner\.cache\firebase\emulators\ui-v1.12.1\client\assets\provider-icons\auth_service_apple.svg
[debug] [2024-06-20T23:14:10.043Z] [unzip] Entry: client/assets/provider-icons/auth_service_twitter.svg (compressed_size=444 bytes, uncompressed_size=751 bytes)
[debug] [2024-06-20T23:14:10.045Z] [unzip] Processing entry: client\assets\provider-icons\auth_service_twitter.svg
[debug] [2024-06-20T23:14:10.045Z] [unzip] else mkdir: C:\Users\Owner\.cache\firebase\emulators\ui-v1.12.1\client\assets\provider-icons
[debug] [2024-06-20T23:14:10.047Z] [unzip] deflating: C:\Users\Owner\.cache\firebase\emulators\ui-v1.12.1\client\assets\provider-icons\auth_service_twitter.svg
[debug] [2024-06-20T23:14:10.055Z] [unzip] Entry: client/assets/provider-icons/auth_service_mslive.svg (compressed_size=203 bytes, uncompressed_size=378 bytes)
[debug] [2024-06-20T23:14:10.055Z] [unzip] Processing entry: client\assets\provider-icons\auth_service_mslive.svg
[debug] [2024-06-20T23:14:10.056Z] [unzip] else mkdir: C:\Users\Owner\.cache\firebase\emulators\ui-v1.12.1\client\assets\provider-icons
[debug] [2024-06-20T23:14:10.057Z] [unzip] deflating: C:\Users\Owner\.cache\firebase\emulators\ui-v1.12.1\client\assets\provider-icons\auth_service_mslive.svg
[debug] [2024-06-20T23:14:10.060Z] [unzip] Entry: client/assets/extensions/ (compressed_size=0 bytes, uncompressed_size=0 bytes)
[debug] [2024-06-20T23:14:10.061Z] [unzip] Processing entry: client\assets\extensions\
[debug] [2024-06-20T23:14:10.061Z] [unzip] mkdir: C:\Users\Owner\.cache\firebase\emulators\ui-v1.12.1\client\assets\extensions\
[debug] [2024-06-20T23:14:10.063Z] [unzip] Entry: client/assets/extensions/default-extension.png (compressed_size=1646 bytes, uncompressed_size=1657 bytes)
[debug] [2024-06-20T23:14:10.063Z] [unzip] Processing entry: client\assets\extensions\default-extension.png
[debug] [2024-06-20T23:14:10.064Z] [unzip] else mkdir: C:\Users\Owner\.cache\firebase\emulators\ui-v1.12.1\client\assets\extensions
[debug] [2024-06-20T23:14:10.064Z] [unzip] deflating: C:\Users\Owner\.cache\firebase\emulators\ui-v1.12.1\client\assets\extensions\default-extension.png
[debug] [2024-06-20T23:14:10.069Z] [unzip] Entry: client/assets/index-Cj5I7867.css (compressed_size=35786 bytes, uncompressed_size=297937 bytes)
[debug] [2024-06-20T23:14:10.069Z] [unzip] Processing entry: client\assets\index-Cj5I7867.css
[debug] [2024-06-20T23:14:10.069Z] [unzip] else mkdir: C:\Users\Owner\.cache\firebase\emulators\ui-v1.12.1\client\assets
[debug] [2024-06-20T23:14:10.070Z] [unzip] deflating: C:\Users\Owner\.cache\firebase\emulators\ui-v1.12.1\client\assets\index-Cj5I7867.css
[debug] [2024-06-20T23:14:10.079Z] [unzip] Entry: client/assets/index-JXEx31eZ.js (compressed_size=563896 bytes, uncompressed_size=2020866 bytes)
[debug] [2024-06-20T23:14:10.080Z] [unzip] Processing entry: client\assets\index-JXEx31eZ.js
[debug] [2024-06-20T23:14:10.080Z] [unzip] else mkdir: C:\Users\Owner\.cache\firebase\emulators\ui-v1.12.1\client\assets
[debug] [2024-06-20T23:14:10.081Z] [unzip] deflating: C:\Users\Owner\.cache\firebase\emulators\ui-v1.12.1\client\assets\index-JXEx31eZ.js
[debug] [2024-06-20T23:14:10.123Z] [unzip] Entry: client/assets/index-JXEx31eZ.js.map (compressed_size=2229196 bytes, uncompressed_size=9596104 bytes)
[debug] [2024-06-20T23:14:10.124Z] [unzip] Processing entry: client\assets\index-JXEx31eZ.js.map
[debug] [2024-06-20T23:14:10.124Z] [unzip] else mkdir: C:\Users\Owner\.cache\firebase\emulators\ui-v1.12.1\client\assets
[debug] [2024-06-20T23:14:10.125Z] [unzip] deflating: C:\Users\Owner\.cache\firebase\emulators\ui-v1.12.1\client\assets\index-JXEx31eZ.js.map
[debug] [2024-06-20T23:14:10.276Z] [unzip] Entry: client/safari-pinned-tab.svg (compressed_size=1433 bytes, uncompressed_size=2611 bytes)
[debug] [2024-06-20T23:14:10.277Z] [unzip] Processing entry: client\safari-pinned-tab.svg
[debug] [2024-06-20T23:14:10.277Z] [unzip] else mkdir: C:\Users\Owner\.cache\firebase\emulators\ui-v1.12.1\client
[debug] [2024-06-20T23:14:10.278Z] [unzip] deflating: C:\Users\Owner\.cache\firebase\emulators\ui-v1.12.1\client\safari-pinned-tab.svg
[debug] [2024-06-20T23:14:10.281Z] [unzip] Entry: client/browserconfig.xml (compressed_size=491 bytes, uncompressed_size=822 bytes)
[debug] [2024-06-20T23:14:10.281Z] [unzip] Processing entry: client\browserconfig.xml
[debug] [2024-06-20T23:14:10.281Z] [unzip] else mkdir: C:\Users\Owner\.cache\firebase\emulators\ui-v1.12.1\client
[debug] [2024-06-20T23:14:10.282Z] [unzip] deflating: C:\Users\Owner\.cache\firebase\emulators\ui-v1.12.1\client\browserconfig.xml
[debug] [2024-06-20T23:14:10.287Z] [unzip] Entry: client/android-chrome-192x192.png (compressed_size=2684 bytes, uncompressed_size=2684 bytes)
[debug] [2024-06-20T23:14:10.287Z] [unzip] Processing entry: client\android-chrome-192x192.png
[debug] [2024-06-20T23:14:10.288Z] [unzip] else mkdir: C:\Users\Owner\.cache\firebase\emulators\ui-v1.12.1\client
[debug] [2024-06-20T23:14:10.289Z] [unzip] Writing file: C:\Users\Owner\.cache\firebase\emulators\ui-v1.12.1\client\android-chrome-192x192.png
[debug] [2024-06-20T23:14:10.293Z] [unzip] Entry: client/apple-touch-icon.png (compressed_size=2123 bytes, uncompressed_size=2152 bytes)
[debug] [2024-06-20T23:14:10.294Z] [unzip] Processing entry: client\apple-touch-icon.png
[debug] [2024-06-20T23:14:10.294Z] [unzip] else mkdir: C:\Users\Owner\.cache\firebase\emulators\ui-v1.12.1\client
[debug] [2024-06-20T23:14:10.295Z] [unzip] deflating: C:\Users\Owner\.cache\firebase\emulators\ui-v1.12.1\client\apple-touch-icon.png
[debug] [2024-06-20T23:14:10.300Z] [unzip] Entry: server/ (compressed_size=0 bytes, uncompressed_size=0 bytes)
[debug] [2024-06-20T23:14:10.301Z] [unzip] Processing entry: server\
[debug] [2024-06-20T23:14:10.301Z] [unzip] mkdir: C:\Users\Owner\.cache\firebase\emulators\ui-v1.12.1\server\
[debug] [2024-06-20T23:14:10.304Z] [unzip] Entry: server/server.mjs.map (compressed_size=286219 bytes, uncompressed_size=1310517 bytes)
[debug] [2024-06-20T23:14:10.305Z] [unzip] Processing entry: server\server.mjs.map
[debug] [2024-06-20T23:14:10.305Z] [unzip] else mkdir: C:\Users\Owner\.cache\firebase\emulators\ui-v1.12.1\server
[debug] [2024-06-20T23:14:10.306Z] [unzip] deflating: C:\Users\Owner\.cache\firebase\emulators\ui-v1.12.1\server\server.mjs.map
[debug] [2024-06-20T23:14:10.328Z] [unzip] Entry: server/assets/ (compressed_size=0 bytes, uncompressed_size=0 bytes)
[debug] [2024-06-20T23:14:10.329Z] [unzip] Processing entry: server\assets\
[debug] [2024-06-20T23:14:10.329Z] [unzip] mkdir: C:\Users\Owner\.cache\firebase\emulators\ui-v1.12.1\server\assets\
[debug] [2024-06-20T23:14:10.330Z] [unzip] Entry: server/assets/multipart-parser-n20ATYm_.mjs.map (compressed_size=4790 bytes, uncompressed_size=17920 bytes)
[debug] [2024-06-20T23:14:10.330Z] [unzip] Processing entry: server\assets\multipart-parser-n20ATYm_.mjs.map
[debug] [2024-06-20T23:14:10.330Z] [unzip] else mkdir: C:\Users\Owner\.cache\firebase\emulators\ui-v1.12.1\server\assets
[debug] [2024-06-20T23:14:10.331Z] [unzip] deflating: C:\Users\Owner\.cache\firebase\emulators\ui-v1.12.1\server\assets\multipart-parser-n20ATYm_.mjs.map
[debug] [2024-06-20T23:14:10.335Z] [unzip] Entry: server/assets/multipart-parser-n20ATYm_.mjs (compressed_size=2625 bytes, uncompressed_size=10428 bytes)
[debug] [2024-06-20T23:14:10.335Z] [unzip] Processing entry: server\assets\multipart-parser-n20ATYm_.mjs
[debug] [2024-06-20T23:14:10.335Z] [unzip] else mkdir: C:\Users\Owner\.cache\firebase\emulators\ui-v1.12.1\server\assets
[debug] [2024-06-20T23:14:10.337Z] [unzip] deflating: C:\Users\Owner\.cache\firebase\emulators\ui-v1.12.1\server\assets\multipart-parser-n20ATYm_.mjs
[debug] [2024-06-20T23:14:10.340Z] [unzip] Entry: server/server.mjs (compressed_size=311497 bytes, uncompressed_size=1147307 bytes)
[debug] [2024-06-20T23:14:10.341Z] [unzip] Processing entry: server\server.mjs
[debug] [2024-06-20T23:14:10.341Z] [unzip] else mkdir: C:\Users\Owner\.cache\firebase\emulators\ui-v1.12.1\server
[debug] [2024-06-20T23:14:10.342Z] [unzip] deflating: C:\Users\Owner\.cache\firebase\emulators\ui-v1.12.1\server\server.mjs
[debug] [2024-06-20T23:14:10.359Z] Ignoring unsupported arg: auto_download {"metadata":{"emulator":{"name":"ui"},"message":"Ignoring unsupported arg: auto_download"}}
[debug] [2024-06-20T23:14:10.360Z] Ignoring unsupported arg: port {"metadata":{"emulator":{"name":"ui"},"message":"Ignoring unsupported arg: port"}}
[debug] [2024-06-20T23:14:10.360Z] Starting Emulator UI with command {"binary":"node","args":["C:\\Users\\Owner\\.cache\\firebase\\emulators\\ui-v1.12.1\\server\\server.mjs"],"optionalArgs":[],"joinArgs":false,"shell":false} {"metadata":{"emulator":{"name":"ui"},"message":"Starting Emulator UI with command {\"binary\":\"node\",\"args\":[\"C:\\\\Users\\\\Owner\\\\.cache\\\\firebase\\\\emulators\\\\ui-v1.12.1\\\\server\\\\server.mjs\"],\"optionalArgs\":[],\"joinArgs\":false,\"shell\":false}"}}
[info] i  ui: Emulator UI logging to ui-debug.log {"metadata":{"emulator":{"name":"ui"},"message":"Emulator UI logging to \u001b[1mui-debug.log\u001b[22m"}}
[debug] [2024-06-20T23:14:10.998Z] Web / API server started at 127.0.0.1:4000
 {"metadata":{"emulator":{"name":"ui"},"message":"Web / API server started at 127.0.0.1:4000\n"}}
[debug] [2024-06-20T23:14:10.999Z] Web / API server started at ::1:4000
 {"metadata":{"emulator":{"name":"ui"},"message":"Web / API server started at ::1:4000\n"}}
[info] i  functions: Watching "C:\Users\Owner\Desktop\Evangadi\Phase-4\Amazon_Clon\Amazon-Clone\client\functions" for Cloud Functions... {"metadata":{"emulator":{"name":"functions"},"message":"Watching \"C:\\Users\\Owner\\Desktop\\Evangadi\\Phase-4\\Amazon_Clon\\Amazon-Clone\\client\\functions\" for Cloud Functions..."}}
[debug] [2024-06-20T23:14:11.035Z] Validating nodejs source
[warn] !  functions: package.json indicates an outdated version of firebase-functions. Please upgrade using npm install --save firebase-functions@latest in your functions directory. 
[warn] !  functions: Please note that there will be breaking changes when you upgrade. 
[debug] [2024-06-20T23:14:16.180Z] > [functions] package.json contents: {
  "name": "functions",
  "description": "Cloud Functions for Firebase",
  "scripts": {
    "serve": "firebase emulators:start --only functions",
    "shell": "firebase functions:shell",
    "start": "npm run shell",
    "deploy": "firebase deploy --only functions",
    "logs": "firebase functions:log"
  },
  "engines": {
    "node": "18"
  },
  "main": "index.js",
  "dependencies": {
    "cors": "^2.8.5",
    "dotenv": "^16.4.1",
    "express": "^4.18.2",
    "firebase-admin": "^11.8.0",
    "firebase-functions": "^4.3.1",
    "stripe": "^14.16.0"
  },
  "devDependencies": {
    "firebase-functions-test": "^3.1.0"
  },
  "private": true
}
[debug] [2024-06-20T23:14:16.181Z] Building nodejs source
[debug] [2024-06-20T23:14:16.183Z] Failed to find version of module node: reached end of search path C:\Users\Owner\Desktop\Evangadi\Phase-4\Amazon_Clon\Amazon-Clone\client\functions\node_modules
[warn] !  functions: Your requested "node" version "18" doesn't match your global version "20". Using node@20 from host. 
[info] i  functions: Loaded environment variables from .env. 
[debug] [2024-06-20T23:14:16.201Z] Could not find functions.yaml. Must use http discovery
[debug] [2024-06-20T23:14:16.327Z] Found firebase-functions binary at 'C:\Users\Owner\Desktop\Evangadi\Phase-4\Amazon_Clon\Amazon-Clone\client\functions\node_modules\.bin\firebase-functions'
[info] Serving at port 8169

[debug] [2024-06-20T23:14:20.477Z] Got response from /__/functions.yaml {"endpoints":{"api":{"availableMemoryMb":null,"timeoutSeconds":null,"minInstances":null,"maxInstances":null,"ingressSettings":null,"concurrency":null,"serviceAccountEmail":null,"vpc":null,"platform":"gcfv2","labels":{},"httpsTrigger":{},"entryPoint":"api"}},"specVersion":"v1alpha1","requiredAPIs":[]}
[info] +  functions: Loaded functions definitions from source: api. {"metadata":{"emulator":{"name":"functions"},"message":"Loaded functions definitions from source: api."}}
[info] +  functions[us-central1-api]: http function initialized (http://127.0.0.1:5001/clone-90197/us-central1/api). {"metadata":{"emulator":{"name":"functions"},"message":"\u001b[1mhttp\u001b[22m function initialized (http://127.0.0.1:5001/clone-90197/us-central1/api)."}}
[info] 
┌─────────────────────────────────────────────────────────────┐
│ ✔  All emulators ready! It is now safe to connect your app. │
│ i  View Emulator UI at http://127.0.0.1:4000/               │
└─────────────────────────────────────────────────────────────┘

┌───────────┬────────────────┬─────────────────────────────────┐
│ Emulator  │ Host:Port      │ View in Emulator UI             │
├───────────┼────────────────┼─────────────────────────────────┤
│ Functions │ 127.0.0.1:5001 │ http://127.0.0.1:4000/functions │
└───────────┴────────────────┴─────────────────────────────────┘
  Emulator Hub running at 127.0.0.1:4400
  Other reserved ports: 4500

Issues? Report them at https://github.com/firebase/firebase-tools/issues and attach the *-debug.log files.
 
[debug] [2024-06-20T23:20:55.644Z] [work-queue] {"queuedWork":["/clone-90197/us-central1/api/payment/create-2024-06-20T23:20:55.643Z"],"queueLength":1,"runningWork":[],"workRunningCount":0}
[debug] [2024-06-20T23:20:55.646Z] [work-queue] {"queuedWork":[],"queueLength":0,"runningWork":["/clone-90197/us-central1/api/payment/create-2024-06-20T23:20:55.643Z"],"workRunningCount":1}
[debug] [2024-06-20T23:20:55.648Z] Accepted request POST /clone-90197/us-central1/api/payment/create?total=10995 --> us-central1-api
[debug] [2024-06-20T23:20:55.683Z] [functions] Runtime ready! Sending request! {"metadata":{"emulator":{"name":"functions"},"message":"[functions] Runtime ready! Sending request!"}}
[debug] [2024-06-20T23:20:55.687Z] [functions] Got req.url=/clone-90197/us-central1/api/payment/create?total=10995, mapping to path=/payment/create?total=10995 {"metadata":{"emulator":{"name":"functions"},"message":"[functions] Got req.url=/clone-90197/us-central1/api/payment/create?total=10995, mapping to path=/payment/create?total=10995"}}
[info] i  functions: Loaded environment variables from .env. 
[debug] [2024-06-20T23:20:56.327Z] [worker-pool] addWorker(us-central1-api) {"metadata":{"emulator":{"name":"functions"},"message":"[worker-pool] addWorker(us-central1-api)"}}
[debug] [2024-06-20T23:20:56.332Z] [worker-pool] Adding worker with key us-central1-api, total=1 {"metadata":{"emulator":{"name":"functions"},"message":"[worker-pool] Adding worker with key us-central1-api, total=1"}}
[debug] [2024-06-20T23:21:18.142Z] [runtime-status] [13892] Resolved module firebase-admin {"declared":true,"installed":true,"version":"11.11.1","resolution":"C:\\Users\\Owner\\Desktop\\Evangadi\\Phase-4\\Amazon_Clon\\Amazon-Clone\\client\\functions\\node_modules\\firebase-admin\\lib\\index.js"} {"metadata":{"emulator":{"name":"functions"},"function":{"name":"us-central1-api"},"extension":{},"message":"[runtime-status] [13892] Resolved module firebase-admin {\"declared\":true,\"installed\":true,\"version\":\"11.11.1\",\"resolution\":\"C:\\\\Users\\\\Owner\\\\Desktop\\\\Evangadi\\\\Phase-4\\\\Amazon_Clon\\\\Amazon-Clone\\\\client\\\\functions\\\\node_modules\\\\firebase-admin\\\\lib\\\\index.js\"}"}}
[debug] [2024-06-20T23:21:18.156Z] [runtime-status] [13892] Resolved module firebase-functions {"declared":true,"installed":true,"version":"4.7.0","resolution":"C:\\Users\\Owner\\Desktop\\Evangadi\\Phase-4\\Amazon_Clon\\Amazon-Clone\\client\\functions\\node_modules\\firebase-functions\\lib\\v1\\index.js"} {"metadata":{"emulator":{"name":"functions"},"function":{"name":"us-central1-api"},"extension":{},"message":"[runtime-status] [13892] Resolved module firebase-functions {\"declared\":true,\"installed\":true,\"version\":\"4.7.0\",\"resolution\":\"C:\\\\Users\\\\Owner\\\\Desktop\\\\Evangadi\\\\Phase-4\\\\Amazon_Clon\\\\Amazon-Clone\\\\client\\\\functions\\\\node_modules\\\\firebase-functions\\\\lib\\\\v1\\\\index.js\"}"}}
[debug] [2024-06-20T23:21:18.160Z] [runtime-status] [13892] Outgoing network have been stubbed. [{"name":"http","status":"mocked"},{"name":"http","status":"mocked"},{"name":"https","status":"mocked"},{"name":"https","status":"mocked"},{"name":"net","status":"mocked"}] {"metadata":{"emulator":{"name":"functions"},"function":{"name":"us-central1-api"},"extension":{},"message":"[runtime-status] [13892] Outgoing network have been stubbed. [{\"name\":\"http\",\"status\":\"mocked\"},{\"name\":\"http\",\"status\":\"mocked\"},{\"name\":\"https\",\"status\":\"mocked\"},{\"name\":\"https\",\"status\":\"mocked\"},{\"name\":\"net\",\"status\":\"mocked\"}]"}}
[debug] [2024-06-20T23:21:18.173Z] [runtime-status] [13892] Resolved module firebase-functions {"declared":true,"installed":true,"version":"4.7.0","resolution":"C:\\Users\\Owner\\Desktop\\Evangadi\\Phase-4\\Amazon_Clon\\Amazon-Clone\\client\\functions\\node_modules\\firebase-functions\\lib\\v1\\index.js"} {"metadata":{"emulator":{"name":"functions"},"function":{"name":"us-central1-api"},"extension":{},"message":"[runtime-status] [13892] Resolved module firebase-functions {\"declared\":true,\"installed\":true,\"version\":\"4.7.0\",\"resolution\":\"C:\\\\Users\\\\Owner\\\\Desktop\\\\Evangadi\\\\Phase-4\\\\Amazon_Clon\\\\Amazon-Clone\\\\client\\\\functions\\\\node_modules\\\\firebase-functions\\\\lib\\\\v1\\\\index.js\"}"}}
[debug] [2024-06-20T23:21:21.775Z] [runtime-status] [13892] Checked functions.config() {"config":{}} {"metadata":{"emulator":{"name":"functions"},"function":{"name":"us-central1-api"},"extension":{},"message":"[runtime-status] [13892] Checked functions.config() {\"config\":{}}"}}
[debug] [2024-06-20T23:21:21.779Z] [runtime-status] [13892] firebase-functions has been stubbed. {"functionsResolution":{"declared":true,"installed":true,"version":"4.7.0","resolution":"C:\\Users\\Owner\\Desktop\\Evangadi\\Phase-4\\Amazon_Clon\\Amazon-Clone\\client\\functions\\node_modules\\firebase-functions\\lib\\v1\\index.js"}} {"metadata":{"emulator":{"name":"functions"},"function":{"name":"us-central1-api"},"extension":{},"message":"[runtime-status] [13892] firebase-functions has been stubbed. {\"functionsResolution\":{\"declared\":true,\"installed\":true,\"version\":\"4.7.0\",\"resolution\":\"C:\\\\Users\\\\Owner\\\\Desktop\\\\Evangadi\\\\Phase-4\\\\Amazon_Clon\\\\Amazon-Clone\\\\client\\\\functions\\\\node_modules\\\\firebase-functions\\\\lib\\\\v1\\\\index.js\"}}"}}
[debug] [2024-06-20T23:21:21.790Z] [runtime-status] [13892] Resolved module firebase-functions {"declared":true,"installed":true,"version":"4.7.0","resolution":"C:\\Users\\Owner\\Desktop\\Evangadi\\Phase-4\\Amazon_Clon\\Amazon-Clone\\client\\functions\\node_modules\\firebase-functions\\lib\\v1\\index.js"} {"metadata":{"emulator":{"name":"functions"},"function":{"name":"us-central1-api"},"extension":{},"message":"[runtime-status] [13892] Resolved module firebase-functions {\"declared\":true,\"installed\":true,\"version\":\"4.7.0\",\"resolution\":\"C:\\\\Users\\\\Owner\\\\Desktop\\\\Evangadi\\\\Phase-4\\\\Amazon_Clon\\\\Amazon-Clone\\\\client\\\\functions\\\\node_modules\\\\firebase-functions\\\\lib\\\\v1\\\\index.js\"}"}}
[debug] [2024-06-20T23:21:21.830Z] [runtime-status] [13892] Resolved module firebase-admin {"declared":true,"installed":true,"version":"11.11.1","resolution":"C:\\Users\\Owner\\Desktop\\Evangadi\\Phase-4\\Amazon_Clon\\Amazon-Clone\\client\\functions\\node_modules\\firebase-admin\\lib\\index.js"} {"metadata":{"emulator":{"name":"functions"},"function":{"name":"us-central1-api"},"extension":{},"message":"[runtime-status] [13892] Resolved module firebase-admin {\"declared\":true,\"installed\":true,\"version\":\"11.11.1\",\"resolution\":\"C:\\\\Users\\\\Owner\\\\Desktop\\\\Evangadi\\\\Phase-4\\\\Amazon_Clon\\\\Amazon-Clone\\\\client\\\\functions\\\\node_modules\\\\firebase-admin\\\\lib\\\\index.js\"}"}}
[debug] [2024-06-20T23:21:21.875Z] [runtime-status] [13892] Resolved module firebase-functions {"declared":true,"installed":true,"version":"4.7.0","resolution":"C:\\Users\\Owner\\Desktop\\Evangadi\\Phase-4\\Amazon_Clon\\Amazon-Clone\\client\\functions\\node_modules\\firebase-functions\\lib\\v1\\index.js"} {"metadata":{"emulator":{"name":"functions"},"function":{"name":"us-central1-api"},"extension":{},"message":"[runtime-status] [13892] Resolved module firebase-functions {\"declared\":true,\"installed\":true,\"version\":\"4.7.0\",\"resolution\":\"C:\\\\Users\\\\Owner\\\\Desktop\\\\Evangadi\\\\Phase-4\\\\Amazon_Clon\\\\Amazon-Clone\\\\client\\\\functions\\\\node_modules\\\\firebase-functions\\\\lib\\\\v1\\\\index.js\"}"}}
[debug] [2024-06-20T23:21:21.878Z] [runtime-status] [13892] firebase-admin has been stubbed. {"adminResolution":{"declared":true,"installed":true,"version":"11.11.1","resolution":"C:\\Users\\Owner\\Desktop\\Evangadi\\Phase-4\\Amazon_Clon\\Amazon-Clone\\client\\functions\\node_modules\\firebase-admin\\lib\\index.js"}} {"metadata":{"emulator":{"name":"functions"},"function":{"name":"us-central1-api"},"extension":{},"message":"[runtime-status] [13892] firebase-admin has been stubbed. {\"adminResolution\":{\"declared\":true,\"installed\":true,\"version\":\"11.11.1\",\"resolution\":\"C:\\\\Users\\\\Owner\\\\Desktop\\\\Evangadi\\\\Phase-4\\\\Amazon_Clon\\\\Amazon-Clone\\\\client\\\\functions\\\\node_modules\\\\firebase-admin\\\\lib\\\\index.js\"}}"}}
[debug] [2024-06-20T23:21:24.222Z] [runtime-status] [13892] Functions runtime initialized. {"cwd":"C:\\Users\\Owner\\Desktop\\Evangadi\\Phase-4\\Amazon_Clon\\Amazon-Clone\\client\\functions","node_version":"20.14.0"} {"metadata":{"emulator":{"name":"functions"},"function":{"name":"us-central1-api"},"extension":{},"message":"[runtime-status] [13892] Functions runtime initialized. {\"cwd\":\"C:\\\\Users\\\\Owner\\\\Desktop\\\\Evangadi\\\\Phase-4\\\\Amazon_Clon\\\\Amazon-Clone\\\\client\\\\functions\",\"node_version\":\"20.14.0\"}"}}
[debug] [2024-06-20T23:21:24.233Z] [runtime-status] [13892] Listening to port: \\?\pipe\fire_emu_98b1996288e042ea {"metadata":{"emulator":{"name":"functions"},"function":{"name":"us-central1-api"},"extension":{},"message":"[runtime-status] [13892] Listening to port: \\\\?\\pipe\\fire_emu_98b1996288e042ea"}}
[debug] [2024-06-20T23:21:24.391Z] [worker-us-central1-api-518d20a4-09d4-4612-9345-f724659f35ae]: IDLE {"metadata":{"emulator":{"name":"functions"},"function":{"name":"us-central1-api"},"extension":{},"message":"[worker-us-central1-api-518d20a4-09d4-4612-9345-f724659f35ae]: IDLE"}}
[debug] [2024-06-20T23:21:24.392Z] [worker-pool] submitRequest(triggerId=us-central1-api) {"metadata":{"emulator":{"name":"functions"},"message":"[worker-pool] submitRequest(triggerId=us-central1-api)"}}
[info] i  functions: Beginning execution of "us-central1-api" {"metadata":{"emulator":{"name":"functions"},"function":{"name":"us-central1-api"},"extension":{},"message":"Beginning execution of \"us-central1-api\""}}
[debug] [2024-06-20T23:21:24.399Z] [worker-us-central1-api-518d20a4-09d4-4612-9345-f724659f35ae]: BUSY {"metadata":{"emulator":{"name":"functions"},"function":{"name":"us-central1-api"},"extension":{},"message":"[worker-us-central1-api-518d20a4-09d4-4612-9345-f724659f35ae]: BUSY"}}
[debug] [2024-06-20T23:21:26.865Z] Finishing up request with event=pause {"metadata":{"emulator":{"name":"functions"},"function":{"name":"us-central1-api"},"extension":{},"message":"Finishing up request with event=pause"}}
[info] i  functions: Finished "us-central1-api" in 2468.6848ms {"metadata":{"emulator":{"name":"functions"},"function":{"name":"us-central1-api"},"extension":{},"message":"Finished \"us-central1-api\" in 2468.6848ms"}}
[debug] [2024-06-20T23:21:26.891Z] [worker-us-central1-api-518d20a4-09d4-4612-9345-f724659f35ae]: IDLE {"metadata":{"emulator":{"name":"functions"},"function":{"name":"us-central1-api"},"extension":{},"message":"[worker-us-central1-api-518d20a4-09d4-4612-9345-f724659f35ae]: IDLE"}}
[debug] [2024-06-20T23:21:26.893Z] Finishing up request with event=finish {"metadata":{"emulator":{"name":"functions"},"function":{"name":"us-central1-api"},"extension":{},"message":"Finishing up request with event=finish"}}
[debug] [2024-06-20T23:21:26.898Z] Finishing up request with event=close {"metadata":{"emulator":{"name":"functions"},"function":{"name":"us-central1-api"},"extension":{},"message":"Finishing up request with event=close"}}
[debug] [2024-06-20T23:21:26.899Z] [work-queue] {"queuedWork":[],"queueLength":0,"runningWork":[],"workRunningCount":0}
